<?xml version="1.0" encoding="UTF-8"?>
<!-- Generated by org.testng.reporters.JUnitReportReporter -->
<testsuite hostname="LIN60015134" name="qa.amazon.test_scenarios.AmazonHomePageAfterSignUp" tests="1" failures="0" timestamp="25 Jun 2019 08:12:38 GMT" time="84.866" errors="0">
  <testcase name="searchProduct" time="84.866" classname="qa.amazon.test_scenarios.AmazonHomePageAfterSignUp"/>
</testsuite> <!-- qa.amazon.test_scenarios.AmazonHomePageAfterSignUp -->
